<?xml version="1.0" encoding="UTF-8"?>
<!-- Generated by org.testng.reporters.JUnitXMLReporter -->
<testsuite hostname="GLENN" ignored="0" name="ParallelTest" tests="2" failures="2" timestamp="2023-02-07T10:47:08 IST" time="15.238" errors="0">
  <testcase name="verifyClickOnImage" time="3.269" classname="com.obsqura.ProjectServiceApp.InventoryPageTest">
    <failure type="java.lang.AssertionError" message="Not Navigated to home page expected [Home] but found [Login]">
      <![CDATA[java.lang.AssertionError: Not Navigated to home page expected [Home] but found [Login]
at pages.LoginPage.loginWithValidUserNameAndPassword(LoginPage.java:42)
at com.obsqura.ProjectServiceApp.InventoryPageTest.verifyClickOnImage(InventoryPageTest.java:31)
at java.util.concurrent.ThreadPoolExecutor.runWorker(ThreadPoolExecutor.java:1149)
at java.util.concurrent.ThreadPoolExecutor$Worker.run(ThreadPoolExecutor.java:624)
at java.lang.Thread.run(Thread.java:748)
... Removed 17 stack frames]]>
    </failure>
  </testcase> <!-- verifyClickOnImage -->
  <testcase name="verifyClickOnShow" time="3.548" classname="com.obsqura.ProjectServiceApp.InventoryPageTest">
    <failure type="java.lang.AssertionError" message="Not Navigated to home page expected [Home] but found [Login]">
      <![CDATA[java.lang.AssertionError: Not Navigated to home page expected [Home] but found [Login]
at pages.LoginPage.loginWithValidUserNameAndPassword(LoginPage.java:42)
at com.obsqura.ProjectServiceApp.InventoryPageTest.verifyClickOnShow(InventoryPageTest.java:22)
at java.util.concurrent.ThreadPoolExecutor.runWorker(ThreadPoolExecutor.java:1149)
at java.util.concurrent.ThreadPoolExecutor$Worker.run(ThreadPoolExecutor.java:624)
at java.lang.Thread.run(Thread.java:748)
... Removed 17 stack frames]]>
    </failure>
  </testcase> <!-- verifyClickOnShow -->
</testsuite> <!-- ParallelTest -->
