<?xml version="1.0" encoding="UTF-8"?>
<testng-results skipped="0" failed="2" ignored="0" total="2" passed="0">
  <reporter-output>
  </reporter-output>
  <suite name="Suite" duration-ms="15238" started-at="2023-02-07T10:46:53 IST" finished-at="2023-02-07T10:47:08 IST">
    <groups>
      <group name="SmokeTest">
        <method signature="InventoryPageTest.verifyClickOnShow()[pri:0, instance:com.obsqura.ProjectServiceApp.InventoryPageTest@4ddced80]" name="verifyClickOnShow" class="com.obsqura.ProjectServiceApp.InventoryPageTest"/>
      </group> <!-- SmokeTest -->
      <group name="RegressionTest">
        <method signature="InventoryPageTest.verifyClickOnImage()[pri:0, instance:com.obsqura.ProjectServiceApp.InventoryPageTest@4ddced80]" name="verifyClickOnImage" class="com.obsqura.ProjectServiceApp.InventoryPageTest"/>
      </group> <!-- RegressionTest -->
    </groups>
    <test name="ParallelTest" duration-ms="15238" started-at="2023-02-07T10:46:53 IST" finished-at="2023-02-07T10:47:08 IST">
      <class name="com.obsqura.ProjectServiceApp.InventoryPageTest">
        <test-method status="PASS" signature="initialiseBrowser(java.lang.String)[pri:0, instance:com.obsqura.ProjectServiceApp.InventoryPageTest@4ddced80]" name="initialiseBrowser" is-config="true" duration-ms="10579" started-at="2023-02-07T10:46:53 IST" finished-at="2023-02-07T10:47:04 IST">
          <params>
            <param index="0">
              <value>
                <![CDATA[edge]]>
              </value>
            </param>
          </params>
          <reporter-output>
          </reporter-output>
        </test-method> <!-- initialiseBrowser -->
        <test-method status="PASS" signature="initialiseBrowser(java.lang.String)[pri:0, instance:com.obsqura.ProjectServiceApp.InventoryPageTest@4ddced80]" name="initialiseBrowser" is-config="true" duration-ms="10178" started-at="2023-02-07T10:46:53 IST" finished-at="2023-02-07T10:47:03 IST">
          <params>
            <param index="0">
              <value>
                <![CDATA[edge]]>
              </value>
            </param>
          </params>
          <reporter-output>
          </reporter-output>
        </test-method> <!-- initialiseBrowser -->
        <test-method status="FAIL" signature="verifyClickOnImage()[pri:0, instance:com.obsqura.ProjectServiceApp.InventoryPageTest@4ddced80]" name="verifyClickOnImage" duration-ms="3269" started-at="2023-02-07T10:47:03 IST" description="Click On Image From The Table" finished-at="2023-02-07T10:47:07 IST">
          <exception class="java.lang.AssertionError">
            <message>
              <![CDATA[Not Navigated to home page expected [Home] but found [Login]]]>
            </message>
            <full-stacktrace>
              <![CDATA[java.lang.AssertionError: Not Navigated to home page expected [Home] but found [Login]
at org.testng.Assert.fail(Assert.java:99)
at org.testng.Assert.failNotEquals(Assert.java:1037)
at org.testng.Assert.assertEqualsImpl(Assert.java:140)
at org.testng.Assert.assertEquals(Assert.java:122)
at org.testng.Assert.assertEquals(Assert.java:629)
at pages.LoginPage.loginWithValidUserNameAndPassword(LoginPage.java:42)
at com.obsqura.ProjectServiceApp.InventoryPageTest.verifyClickOnImage(InventoryPageTest.java:31)
at sun.reflect.NativeMethodAccessorImpl.invoke0(Native Method)
at sun.reflect.NativeMethodAccessorImpl.invoke(NativeMethodAccessorImpl.java:62)
at sun.reflect.DelegatingMethodAccessorImpl.invoke(DelegatingMethodAccessorImpl.java:43)
at java.lang.reflect.Method.invoke(Method.java:498)
at org.testng.internal.MethodInvocationHelper.invokeMethod(MethodInvocationHelper.java:133)
at org.testng.internal.TestInvoker.invokeMethod(TestInvoker.java:598)
at org.testng.internal.TestInvoker.invokeTestMethod(TestInvoker.java:173)
at org.testng.internal.MethodRunner.runInSequence(MethodRunner.java:46)
at org.testng.internal.TestInvoker$MethodInvocationAgent.invoke(TestInvoker.java:824)
at org.testng.internal.TestInvoker.invokeTestMethods(TestInvoker.java:146)
at org.testng.internal.TestMethodWorker.invokeTestMethods(TestMethodWorker.java:146)
at org.testng.internal.TestMethodWorker.run(TestMethodWorker.java:128)
at java.util.concurrent.ThreadPoolExecutor.runWorker(ThreadPoolExecutor.java:1149)
at java.util.concurrent.ThreadPoolExecutor$Worker.run(ThreadPoolExecutor.java:624)
at java.lang.Thread.run(Thread.java:748)
]]>
            </full-stacktrace>
          </exception> <!-- java.lang.AssertionError -->
          <reporter-output>
          </reporter-output>
        </test-method> <!-- verifyClickOnImage -->
        <test-method status="FAIL" signature="verifyClickOnShow()[pri:0, instance:com.obsqura.ProjectServiceApp.InventoryPageTest@4ddced80]" name="verifyClickOnShow" duration-ms="3548" started-at="2023-02-07T10:47:04 IST" description="Click On Show Button" finished-at="2023-02-07T10:47:07 IST">
          <exception class="java.lang.AssertionError">
            <message>
              <![CDATA[Not Navigated to home page expected [Home] but found [Login]]]>
            </message>
            <full-stacktrace>
              <![CDATA[java.lang.AssertionError: Not Navigated to home page expected [Home] but found [Login]
at org.testng.Assert.fail(Assert.java:99)
at org.testng.Assert.failNotEquals(Assert.java:1037)
at org.testng.Assert.assertEqualsImpl(Assert.java:140)
at org.testng.Assert.assertEquals(Assert.java:122)
at org.testng.Assert.assertEquals(Assert.java:629)
at pages.LoginPage.loginWithValidUserNameAndPassword(LoginPage.java:42)
at com.obsqura.ProjectServiceApp.InventoryPageTest.verifyClickOnShow(InventoryPageTest.java:22)
at sun.reflect.NativeMethodAccessorImpl.invoke0(Native Method)
at sun.reflect.NativeMethodAccessorImpl.invoke(NativeMethodAccessorImpl.java:62)
at sun.reflect.DelegatingMethodAccessorImpl.invoke(DelegatingMethodAccessorImpl.java:43)
at java.lang.reflect.Method.invoke(Method.java:498)
at org.testng.internal.MethodInvocationHelper.invokeMethod(MethodInvocationHelper.java:133)
at org.testng.internal.TestInvoker.invokeMethod(TestInvoker.java:598)
at org.testng.internal.TestInvoker.invokeTestMethod(TestInvoker.java:173)
at org.testng.internal.MethodRunner.runInSequence(MethodRunner.java:46)
at org.testng.internal.TestInvoker$MethodInvocationAgent.invoke(TestInvoker.java:824)
at org.testng.internal.TestInvoker.invokeTestMethods(TestInvoker.java:146)
at org.testng.internal.TestMethodWorker.invokeTestMethods(TestMethodWorker.java:146)
at org.testng.internal.TestMethodWorker.run(TestMethodWorker.java:128)
at java.util.concurrent.ThreadPoolExecutor.runWorker(ThreadPoolExecutor.java:1149)
at java.util.concurrent.ThreadPoolExecutor$Worker.run(ThreadPoolExecutor.java:624)
at java.lang.Thread.run(Thread.java:748)
]]>
            </full-stacktrace>
          </exception> <!-- java.lang.AssertionError -->
          <reporter-output>
          </reporter-output>
        </test-method> <!-- verifyClickOnShow -->
        <test-method status="PASS" signature="browserQuit(org.testng.ITestResult)[pri:0, instance:com.obsqura.ProjectServiceApp.InventoryPageTest@4ddced80]" name="browserQuit" is-config="true" duration-ms="1739" started-at="2023-02-07T10:47:07 IST" finished-at="2023-02-07T10:47:08 IST">
          <params>
            <param index="0">
              <value>
                <![CDATA[[TestResult name=verifyClickOnImage status=FAILURE method=InventoryPageTest.verifyClickOnImage()[pri:0, instance:com.obsqura.ProjectServiceApp.InventoryPageTest@4ddced80] output={null}]]]>
              </value>
            </param>
          </params>
          <reporter-output>
          </reporter-output>
        </test-method> <!-- browserQuit -->
        <test-method status="PASS" signature="browserQuit(org.testng.ITestResult)[pri:0, instance:com.obsqura.ProjectServiceApp.InventoryPageTest@4ddced80]" name="browserQuit" is-config="true" duration-ms="1079" started-at="2023-02-07T10:47:07 IST" finished-at="2023-02-07T10:47:08 IST">
          <params>
            <param index="0">
              <value>
                <![CDATA[[TestResult name=verifyClickOnShow status=FAILURE method=InventoryPageTest.verifyClickOnShow()[pri:0, instance:com.obsqura.ProjectServiceApp.InventoryPageTest@4ddced80] output={null}]]]>
              </value>
            </param>
          </params>
          <reporter-output>
          </reporter-output>
        </test-method> <!-- browserQuit -->
      </class> <!-- com.obsqura.ProjectServiceApp.InventoryPageTest -->
    </test> <!-- ParallelTest -->
  </suite> <!-- Suite -->
</testng-results>
